<?xml version="1.0" encoding="UTF-8"?>
<testsuite name="ApiTest" tests="1" skipped="0" failures="0" errors="0" timestamp="2024-12-22T13:56:16" hostname="LYNX" time="7.094">
  <properties/>
  <testcase name="apiTest()" classname="ApiTest" time="7.094"/>
  <system-out><![CDATA[]]></system-out>
  <system-err><![CDATA[]]></system-err>
</testsuite>
